<?xml version="1.0" encoding="UTF-8"?>
<!-- Generated by org.testng.reporters.JUnitXMLReporter -->
<testsuite ignored="0" hostname="QT-INBG-LT1022" failures="0" tests="7" name="Default test" time="6.324" errors="0" timestamp="2022-10-17T09:17:00 IST">
  <testcase classname="Mobiles" name="launchBrowser" time="5.417"/>
  <testcase classname="Mobiles" name="allMobiles" time="0.418"/>
  <testcase classname="Mobiles" name="searchLenovo" time="0.111"/>
  <testcase classname="Mobiles" name="searchSamsung" time="0.081"/>
  <testcase classname="Mobiles" name="wrongApple" time="0.076"/>
  <testcase classname="Mobiles" name="twoCharacter" time="0.073"/>
  <testcase classname="Mobiles" name="order" time="0.105"/>
</testsuite> <!-- Default test -->
