<?xml version="1.0" encoding="UTF-8"?>
<testng-results ignored="6" total="12" passed="6" failed="0" skipped="0">
  <reporter-output>
  </reporter-output>
  <suite started-at="2022-10-17T09:47:36 IST" name="Suite" finished-at="2022-10-17T09:48:05 IST" duration-ms="29200">
    <groups>
    </groups>
    <test started-at="2022-10-17T09:47:36 IST" name="Test" finished-at="2022-10-17T09:47:41 IST" duration-ms="4740">
      <class name="Mobiles">
        <test-method is-config="true" signature="browserSelection(java.lang.String)[pri:0, instance:Mobiles@3bf9ce3e]" started-at="2022-10-17T09:47:36 IST" name="browserSelection" finished-at="2022-10-17T09:47:40 IST" duration-ms="3601" status="PASS">
          <params>
            <param index="0">
              <value>
                <![CDATA[chrome]]>
              </value>
            </param>
          </params>
          <reporter-output>
          </reporter-output>
        </test-method> <!-- browserSelection -->
        <test-method signature="allMobiles()[pri:2, instance:Mobiles@3bf9ce3e]" started-at="2022-10-17T09:47:40 IST" name="allMobiles" finished-at="2022-10-17T09:47:41 IST" duration-ms="1106" status="PASS">
          <reporter-output>
          </reporter-output>
        </test-method> <!-- allMobiles -->
      </class> <!-- Mobiles -->
    </test> <!-- Test -->
    <test started-at="2022-10-17T09:47:41 IST" name="Test1" finished-at="2022-10-17T09:48:05 IST" duration-ms="24423">
      <class name="Mobiles">
        <test-method is-config="true" signature="browserSelection(java.lang.String)[pri:0, instance:Mobiles@6bd61f98]" started-at="2022-10-17T09:47:41 IST" name="browserSelection" finished-at="2022-10-17T09:47:45 IST" duration-ms="4303" status="PASS">
          <params>
            <param index="0">
              <value>
                <![CDATA[edge]]>
              </value>
            </param>
          </params>
          <reporter-output>
          </reporter-output>
        </test-method> <!-- browserSelection -->
        <test-method signature="searchLenovo()[pri:3, instance:Mobiles@6bd61f98]" started-at="2022-10-17T09:47:45 IST" name="searchLenovo" finished-at="2022-10-17T09:47:46 IST" duration-ms="451" status="PASS">
          <reporter-output>
          </reporter-output>
        </test-method> <!-- searchLenovo -->
        <test-method is-config="true" signature="browserSelection(java.lang.String)[pri:0, instance:Mobiles@6bd61f98]" started-at="2022-10-17T09:47:46 IST" name="browserSelection" finished-at="2022-10-17T09:47:50 IST" duration-ms="4239" status="PASS">
          <params>
            <param index="0">
              <value>
                <![CDATA[edge]]>
              </value>
            </param>
          </params>
          <reporter-output>
          </reporter-output>
        </test-method> <!-- browserSelection -->
        <test-method signature="searchSamsung()[pri:4, instance:Mobiles@6bd61f98]" started-at="2022-10-17T09:47:50 IST" name="searchSamsung" finished-at="2022-10-17T09:47:50 IST" duration-ms="416" status="PASS">
          <reporter-output>
          </reporter-output>
        </test-method> <!-- searchSamsung -->
        <test-method is-config="true" signature="browserSelection(java.lang.String)[pri:0, instance:Mobiles@6bd61f98]" started-at="2022-10-17T09:47:50 IST" name="browserSelection" finished-at="2022-10-17T09:47:55 IST" duration-ms="4510" status="PASS">
          <params>
            <param index="0">
              <value>
                <![CDATA[edge]]>
              </value>
            </param>
          </params>
          <reporter-output>
          </reporter-output>
        </test-method> <!-- browserSelection -->
        <test-method signature="wrongApple()[pri:5, instance:Mobiles@6bd61f98]" started-at="2022-10-17T09:47:55 IST" name="wrongApple" finished-at="2022-10-17T09:47:55 IST" duration-ms="463" status="PASS">
          <reporter-output>
          </reporter-output>
        </test-method> <!-- wrongApple -->
        <test-method is-config="true" signature="browserSelection(java.lang.String)[pri:0, instance:Mobiles@6bd61f98]" started-at="2022-10-17T09:47:55 IST" name="browserSelection" finished-at="2022-10-17T09:48:00 IST" duration-ms="4716" status="PASS">
          <params>
            <param index="0">
              <value>
                <![CDATA[edge]]>
              </value>
            </param>
          </params>
          <reporter-output>
          </reporter-output>
        </test-method> <!-- browserSelection -->
        <test-method signature="twoCharacter()[pri:7, instance:Mobiles@6bd61f98]" started-at="2022-10-17T09:48:00 IST" name="twoCharacter" finished-at="2022-10-17T09:48:00 IST" duration-ms="430" status="PASS">
          <reporter-output>
          </reporter-output>
        </test-method> <!-- twoCharacter -->
        <test-method is-config="true" signature="browserSelection(java.lang.String)[pri:0, instance:Mobiles@6bd61f98]" started-at="2022-10-17T09:48:00 IST" name="browserSelection" finished-at="2022-10-17T09:48:05 IST" duration-ms="4420" status="PASS">
          <params>
            <param index="0">
              <value>
                <![CDATA[edge]]>
              </value>
            </param>
          </params>
          <reporter-output>
          </reporter-output>
        </test-method> <!-- browserSelection -->
        <test-method signature="order()[pri:8, instance:Mobiles@6bd61f98]" started-at="2022-10-17T09:48:05 IST" name="order" finished-at="2022-10-17T09:48:05 IST" duration-ms="469" status="PASS">
          <reporter-output>
          </reporter-output>
        </test-method> <!-- order -->
      </class> <!-- Mobiles -->
    </test> <!-- Test1 -->
  </suite> <!-- Suite -->
</testng-results>
