<?xml version="1.0" encoding="UTF-8"?>
<!-- Generated by org.testng.reporters.JUnitXMLReporter -->
<testsuite ignored="5" hostname="QT-INBG-LT1022" failures="0" tests="1" name="Test" time="4.74" errors="0" timestamp="2022-10-17T09:47:41 IST">
  <testcase classname="Mobiles" name="allMobiles" time="1.106"/>
  <testcase classname="Mobiles" name="searchSamsung" time="0.0">
    <ignored/>
  </testcase> <!-- searchSamsung -->
  <testcase classname="Mobiles" name="wrongApple" time="0.0">
    <ignored/>
  </testcase> <!-- wrongApple -->
  <testcase classname="Mobiles" name="twoCharacter" time="0.0">
    <ignored/>
  </testcase> <!-- twoCharacter -->
  <testcase classname="Mobiles" name="searchLenovo" time="0.0">
    <ignored/>
  </testcase> <!-- searchLenovo -->
  <testcase classname="Mobiles" name="order" time="0.0">
    <ignored/>
  </testcase> <!-- order -->
</testsuite> <!-- Test -->
