<?xml version="1.0" encoding="UTF-8"?>
<!-- Generated by org.testng.reporters.JUnitXMLReporter -->
<testsuite ignored="1" hostname="QT-INBG-LT1022" failures="0" tests="5" name="Test1" time="24.423" errors="0" timestamp="2022-10-17T09:48:05 IST">
  <testcase classname="Mobiles" name="searchLenovo" time="0.451"/>
  <testcase classname="Mobiles" name="searchSamsung" time="0.416"/>
  <testcase classname="Mobiles" name="wrongApple" time="0.463"/>
  <testcase classname="Mobiles" name="twoCharacter" time="0.43"/>
  <testcase classname="Mobiles" name="order" time="0.469"/>
  <testcase classname="Mobiles" name="allMobiles" time="0.0">
    <ignored/>
  </testcase> <!-- allMobiles -->
</testsuite> <!-- Test1 -->
